<?xml version="1.0" encoding="UTF-8"?>
<!-- Generated by org.testng.reporters.JUnitXMLReporter -->
<testsuite hostname="HP4E203023" ignored="0" name="Surefire test" tests="6" failures="0" timestamp="2021-01-07T22:55:00 CET" time="0.347" errors="0">
  <testcase name="IOSApps on IOSApps(qaclickacademy.AppiumTest)" time="0.084" classname="qaclickacademy.AppiumTest"/>
  <testcase name="NativeAppAndroid on NativeAppAndroid(qaclickacademy.AppiumTest)" time="0.116" classname="qaclickacademy.AppiumTest"/>
  <testcase name="deleteTwitter on deleteTwitter(qaclickacademy.RESTAPITest)" time="0.012" classname="qaclickacademy.RESTAPITest"/>
  <testcase name="postJira on postJira(qaclickacademy.RESTAPITest)" time="0.012" classname="qaclickacademy.RESTAPITest"/>
  <testcase name="elementsUI on elementsUI(qaclickacademy.SeleniumTest)" time="0.005" classname="qaclickacademy.SeleniumTest"/>
  <testcase name="BrowserAutomation on BrowserAutomation(qaclickacademy.SeleniumTest)" time="0.0" classname="qaclickacademy.SeleniumTest"/>
</testsuite> <!-- Surefire test -->
