<?xml version="1.0" encoding="UTF-8"?>
<testng-results skipped="0" failed="0" ignored="0" total="6" passed="6">
  <reporter-output>
  </reporter-output>
  <suite name="Surefire suite" duration-ms="347" started-at="2021-01-07T22:55:00 CET" finished-at="2021-01-07T22:55:00 CET">
    <groups>
    </groups>
    <test name="Surefire test" duration-ms="347" started-at="2021-01-07T22:55:00 CET" finished-at="2021-01-07T22:55:00 CET">
      <class name="qaclickacademy.AppiumTest">
        <test-method status="PASS" signature="IOSApps()" name="IOSApps" duration-ms="84" started-at="2021-01-07T22:55:00 CET" finished-at="2021-01-07T22:55:00 CET">
          <reporter-output>
          </reporter-output>
        </test-method> <!-- IOSApps -->
        <test-method status="PASS" signature="NativeAppAndroid()" name="NativeAppAndroid" duration-ms="116" started-at="2021-01-07T22:55:00 CET" finished-at="2021-01-07T22:55:00 CET">
          <reporter-output>
          </reporter-output>
        </test-method> <!-- NativeAppAndroid -->
      </class> <!-- qaclickacademy.AppiumTest -->
      <class name="qaclickacademy.RESTAPITest">
        <test-method status="PASS" signature="deleteTwitter()" name="deleteTwitter" duration-ms="12" started-at="2021-01-07T22:55:00 CET" finished-at="2021-01-07T22:55:00 CET">
          <reporter-output>
          </reporter-output>
        </test-method> <!-- deleteTwitter -->
        <test-method status="PASS" signature="postJira()" name="postJira" duration-ms="12" started-at="2021-01-07T22:55:00 CET" finished-at="2021-01-07T22:55:00 CET">
          <reporter-output>
          </reporter-output>
        </test-method> <!-- postJira -->
      </class> <!-- qaclickacademy.RESTAPITest -->
      <class name="qaclickacademy.SeleniumTest">
        <test-method status="PASS" signature="elementsUI()" name="elementsUI" duration-ms="5" started-at="2021-01-07T22:55:00 CET" finished-at="2021-01-07T22:55:00 CET">
          <reporter-output>
          </reporter-output>
        </test-method> <!-- elementsUI -->
        <test-method status="PASS" signature="BrowserAutomation()" name="BrowserAutomation" duration-ms="0" started-at="2021-01-07T22:55:00 CET" finished-at="2021-01-07T22:55:00 CET">
          <reporter-output>
          </reporter-output>
        </test-method> <!-- BrowserAutomation -->
      </class> <!-- qaclickacademy.SeleniumTest -->
    </test> <!-- Surefire test -->
  </suite> <!-- Surefire suite -->
</testng-results>
